<?xml version="1.0" encoding="UTF-8"?>
<testsuite xmlns:xsi="http://www.w3.org/2001/XMLSchema-instance" xsi:noNamespaceSchemaLocation="https://maven.apache.org/surefire/maven-surefire-plugin/xsd/surefire-test-report-3.0.xsd" version="3.0" name="com.uniquindio.automation.CucumberTest" time="2.443" tests="11" errors="0" skipped="0" failures="0">
  <properties>
    <property name="java.specification.version" value="21"/>
    <property name="sun.jnu.encoding" value="UTF-8"/>
    <property name="java.class.path" value="/home/miguel/Documentos/GitHub/automation-tests/target/test-classes:/home/miguel/Documentos/GitHub/automation-tests/target/classes:/home/miguel/.m2/repository/io/cucumber/cucumber-java/7.16.1/cucumber-java-7.16.1.jar:/home/miguel/.m2/repository/io/cucumber/cucumber-core/7.16.1/cucumber-core-7.16.1.jar:/home/miguel/.m2/repository/io/cucumber/cucumber-gherkin/7.16.1/cucumber-gherkin-7.16.1.jar:/home/miguel/.m2/repository/io/cucumber/cucumber-gherkin-messages/7.16.1/cucumber-gherkin-messages-7.16.1.jar:/home/miguel/.m2/repository/io/cucumber/messages/24.1.0/messages-24.1.0.jar:/home/miguel/.m2/repository/io/cucumber/tag-expressions/6.1.0/tag-expressions-6.1.0.jar:/home/miguel/.m2/repository/io/cucumber/cucumber-expressions/17.1.0/cucumber-expressions-17.1.0.jar:/home/miguel/.m2/repository/io/cucumber/datatable/7.16.1/datatable-7.16.1.jar:/home/miguel/.m2/repository/io/cucumber/cucumber-plugin/7.16.1/cucumber-plugin-7.16.1.jar:/home/miguel/.m2/repository/io/cucumber/docstring/7.16.1/docstring-7.16.1.jar:/home/miguel/.m2/repository/io/cucumber/html-formatter/21.3.0/html-formatter-21.3.0.jar:/home/miguel/.m2/repository/io/cucumber/junit-xml-formatter/0.3.0/junit-xml-formatter-0.3.0.jar:/home/miguel/.m2/repository/io/cucumber/ci-environment/10.0.1/ci-environment-10.0.1.jar:/home/miguel/.m2/repository/org/apiguardian/apiguardian-api/1.1.2/apiguardian-api-1.1.2.jar:/home/miguel/.m2/repository/io/cucumber/cucumber-junit-platform-engine/7.16.1/cucumber-junit-platform-engine-7.16.1.jar:/home/miguel/.m2/repository/org/junit/platform/junit-platform-engine/1.10.2/junit-platform-engine-1.10.2.jar:/home/miguel/.m2/repository/org/opentest4j/opentest4j/1.3.0/opentest4j-1.3.0.jar:/home/miguel/.m2/repository/org/junit/platform/junit-platform-commons/1.10.2/junit-platform-commons-1.10.2.jar:/home/miguel/.m2/repository/org/junit/platform/junit-platform-suite/1.11.3/junit-platform-suite-1.11.3.jar:/home/miguel/.m2/repository/org/junit/platform/junit-platform-suite-api/1.11.3/junit-platform-suite-api-1.11.3.jar:/home/miguel/.m2/repository/org/junit/platform/junit-platform-suite-engine/1.11.3/junit-platform-suite-engine-1.11.3.jar:/home/miguel/.m2/repository/org/junit/platform/junit-platform-suite-commons/1.11.3/junit-platform-suite-commons-1.11.3.jar:/home/miguel/.m2/repository/org/junit/platform/junit-platform-launcher/1.11.3/junit-platform-launcher-1.11.3.jar:/home/miguel/.m2/repository/io/qameta/allure/allure-cucumber7-jvm/2.19.0/allure-cucumber7-jvm-2.19.0.jar:/home/miguel/.m2/repository/io/qameta/allure/allure-java-commons/2.19.0/allure-java-commons-2.19.0.jar:/home/miguel/.m2/repository/org/slf4j/slf4j-api/1.7.30/slf4j-api-1.7.30.jar:/home/miguel/.m2/repository/io/qameta/allure/allure-model/2.19.0/allure-model-2.19.0.jar:/home/miguel/.m2/repository/io/cucumber/gherkin/28.0.0/gherkin-28.0.0.jar:/home/miguel/.m2/repository/io/rest-assured/rest-assured/5.5.0/rest-assured-5.5.0.jar:/home/miguel/.m2/repository/org/apache/groovy/groovy/4.0.22/groovy-4.0.22.jar:/home/miguel/.m2/repository/org/apache/groovy/groovy-xml/4.0.22/groovy-xml-4.0.22.jar:/home/miguel/.m2/repository/org/apache/httpcomponents/httpclient/4.5.13/httpclient-4.5.13.jar:/home/miguel/.m2/repository/org/apache/httpcomponents/httpcore/4.4.13/httpcore-4.4.13.jar:/home/miguel/.m2/repository/commons-logging/commons-logging/1.2/commons-logging-1.2.jar:/home/miguel/.m2/repository/commons-codec/commons-codec/1.11/commons-codec-1.11.jar:/home/miguel/.m2/repository/org/apache/httpcomponents/httpmime/4.5.13/httpmime-4.5.13.jar:/home/miguel/.m2/repository/org/ccil/cowan/tagsoup/tagsoup/1.2.1/tagsoup-1.2.1.jar:/home/miguel/.m2/repository/io/rest-assured/json-path/5.5.0/json-path-5.5.0.jar:/home/miguel/.m2/repository/org/apache/groovy/groovy-json/4.0.22/groovy-json-4.0.22.jar:/home/miguel/.m2/repository/io/rest-assured/rest-assured-common/5.5.0/rest-assured-common-5.5.0.jar:/home/miguel/.m2/repository/io/rest-assured/xml-path/5.5.0/xml-path-5.5.0.jar:/home/miguel/.m2/repository/org/apache/commons/commons-lang3/3.11/commons-lang3-3.11.jar:/home/miguel/.m2/repository/io/rest-assured/json-schema-validator/5.5.0/json-schema-validator-5.5.0.jar:/home/miguel/.m2/repository/com/github/java-json-tools/json-schema-validator/2.2.14/json-schema-validator-2.2.14.jar:/home/miguel/.m2/repository/com/github/java-json-tools/jackson-coreutils-equivalence/1.0/jackson-coreutils-equivalence-1.0.jar:/home/miguel/.m2/repository/com/fasterxml/jackson/core/jackson-databind/2.11.0/jackson-databind-2.11.0.jar:/home/miguel/.m2/repository/com/fasterxml/jackson/core/jackson-annotations/2.11.0/jackson-annotations-2.11.0.jar:/home/miguel/.m2/repository/com/fasterxml/jackson/core/jackson-core/2.11.0/jackson-core-2.11.0.jar:/home/miguel/.m2/repository/com/github/java-json-tools/jackson-coreutils/2.0/jackson-coreutils-2.0.jar:/home/miguel/.m2/repository/com/github/java-json-tools/msg-simple/1.2/msg-simple-1.2.jar:/home/miguel/.m2/repository/com/github/java-json-tools/btf/1.3/btf-1.3.jar:/home/miguel/.m2/repository/com/github/java-json-tools/json-schema-core/1.2.14/json-schema-core-1.2.14.jar:/home/miguel/.m2/repository/com/github/java-json-tools/uri-template/0.10/uri-template-0.10.jar:/home/miguel/.m2/repository/org/mozilla/rhino/1.7.7.2/rhino-1.7.7.2.jar:/home/miguel/.m2/repository/com/sun/mail/mailapi/1.6.2/mailapi-1.6.2.jar:/home/miguel/.m2/repository/joda-time/joda-time/2.10.5/joda-time-2.10.5.jar:/home/miguel/.m2/repository/com/google/code/findbugs/jsr305/3.0.2/jsr305-3.0.2.jar:/home/miguel/.m2/repository/net/sf/jopt-simple/jopt-simple/5.0.4/jopt-simple-5.0.4.jar:/home/miguel/.m2/repository/com/google/guava/guava/33.2.1-jre/guava-33.2.1-jre.jar:/home/miguel/.m2/repository/com/google/guava/failureaccess/1.0.2/failureaccess-1.0.2.jar:/home/miguel/.m2/repository/com/google/guava/listenablefuture/9999.0-empty-to-avoid-conflict-with-guava/listenablefuture-9999.0-empty-to-avoid-conflict-with-guava.jar:/home/miguel/.m2/repository/org/checkerframework/checker-qual/3.42.0/checker-qual-3.42.0.jar:/home/miguel/.m2/repository/com/google/errorprone/error_prone_annotations/2.26.1/error_prone_annotations-2.26.1.jar:/home/miguel/.m2/repository/com/google/j2objc/j2objc-annotations/3.0.0/j2objc-annotations-3.0.0.jar:/home/miguel/.m2/repository/net/datafaker/datafaker/2.3.1/datafaker-2.3.1.jar:/home/miguel/.m2/repository/org/yaml/snakeyaml/2.2/snakeyaml-2.2.jar:/home/miguel/.m2/repository/com/github/curious-odd-man/rgxgen/2.0/rgxgen-2.0.jar:/home/miguel/.m2/repository/com/googlecode/libphonenumber/libphonenumber/8.13.41/libphonenumber-8.13.41.jar:/home/miguel/.m2/repository/org/hamcrest/hamcrest/2.2/hamcrest-2.2.jar:"/>
    <property name="java.vm.vendor" value="Red Hat, Inc."/>
    <property name="sun.arch.data.model" value="64"/>
    <property name="java.vendor.url" value="https://www.redhat.com/"/>
    <property name="user.timezone" value="America/Bogota"/>
    <property name="os.name" value="Linux"/>
    <property name="java.vm.specification.version" value="21"/>
    <property name="sun.java.launcher" value="SUN_STANDARD"/>
    <property name="user.country" value="CO"/>
    <property name="sun.boot.library.path" value="/usr/lib/jvm/java-21-openjdk/lib"/>
    <property name="sun.java.command" value="/home/miguel/Documentos/GitHub/automation-tests/target/surefire/surefirebooter-20251013201542015_3.jar /home/miguel/Documentos/GitHub/automation-tests/target/surefire 2025-10-13T20-15-41_949-jvmRun1 surefire-20251013201542015_1tmp surefire_0-20251013201542015_2tmp"/>
    <property name="jdk.debug" value="release"/>
    <property name="test" value="CucumberTest"/>
    <property name="surefire.test.class.path" value="/home/miguel/Documentos/GitHub/automation-tests/target/test-classes:/home/miguel/Documentos/GitHub/automation-tests/target/classes:/home/miguel/.m2/repository/io/cucumber/cucumber-java/7.16.1/cucumber-java-7.16.1.jar:/home/miguel/.m2/repository/io/cucumber/cucumber-core/7.16.1/cucumber-core-7.16.1.jar:/home/miguel/.m2/repository/io/cucumber/cucumber-gherkin/7.16.1/cucumber-gherkin-7.16.1.jar:/home/miguel/.m2/repository/io/cucumber/cucumber-gherkin-messages/7.16.1/cucumber-gherkin-messages-7.16.1.jar:/home/miguel/.m2/repository/io/cucumber/messages/24.1.0/messages-24.1.0.jar:/home/miguel/.m2/repository/io/cucumber/tag-expressions/6.1.0/tag-expressions-6.1.0.jar:/home/miguel/.m2/repository/io/cucumber/cucumber-expressions/17.1.0/cucumber-expressions-17.1.0.jar:/home/miguel/.m2/repository/io/cucumber/datatable/7.16.1/datatable-7.16.1.jar:/home/miguel/.m2/repository/io/cucumber/cucumber-plugin/7.16.1/cucumber-plugin-7.16.1.jar:/home/miguel/.m2/repository/io/cucumber/docstring/7.16.1/docstring-7.16.1.jar:/home/miguel/.m2/repository/io/cucumber/html-formatter/21.3.0/html-formatter-21.3.0.jar:/home/miguel/.m2/repository/io/cucumber/junit-xml-formatter/0.3.0/junit-xml-formatter-0.3.0.jar:/home/miguel/.m2/repository/io/cucumber/ci-environment/10.0.1/ci-environment-10.0.1.jar:/home/miguel/.m2/repository/org/apiguardian/apiguardian-api/1.1.2/apiguardian-api-1.1.2.jar:/home/miguel/.m2/repository/io/cucumber/cucumber-junit-platform-engine/7.16.1/cucumber-junit-platform-engine-7.16.1.jar:/home/miguel/.m2/repository/org/junit/platform/junit-platform-engine/1.10.2/junit-platform-engine-1.10.2.jar:/home/miguel/.m2/repository/org/opentest4j/opentest4j/1.3.0/opentest4j-1.3.0.jar:/home/miguel/.m2/repository/org/junit/platform/junit-platform-commons/1.10.2/junit-platform-commons-1.10.2.jar:/home/miguel/.m2/repository/org/junit/platform/junit-platform-suite/1.11.3/junit-platform-suite-1.11.3.jar:/home/miguel/.m2/repository/org/junit/platform/junit-platform-suite-api/1.11.3/junit-platform-suite-api-1.11.3.jar:/home/miguel/.m2/repository/org/junit/platform/junit-platform-suite-engine/1.11.3/junit-platform-suite-engine-1.11.3.jar:/home/miguel/.m2/repository/org/junit/platform/junit-platform-suite-commons/1.11.3/junit-platform-suite-commons-1.11.3.jar:/home/miguel/.m2/repository/org/junit/platform/junit-platform-launcher/1.11.3/junit-platform-launcher-1.11.3.jar:/home/miguel/.m2/repository/io/qameta/allure/allure-cucumber7-jvm/2.19.0/allure-cucumber7-jvm-2.19.0.jar:/home/miguel/.m2/repository/io/qameta/allure/allure-java-commons/2.19.0/allure-java-commons-2.19.0.jar:/home/miguel/.m2/repository/org/slf4j/slf4j-api/1.7.30/slf4j-api-1.7.30.jar:/home/miguel/.m2/repository/io/qameta/allure/allure-model/2.19.0/allure-model-2.19.0.jar:/home/miguel/.m2/repository/io/cucumber/gherkin/28.0.0/gherkin-28.0.0.jar:/home/miguel/.m2/repository/io/rest-assured/rest-assured/5.5.0/rest-assured-5.5.0.jar:/home/miguel/.m2/repository/org/apache/groovy/groovy/4.0.22/groovy-4.0.22.jar:/home/miguel/.m2/repository/org/apache/groovy/groovy-xml/4.0.22/groovy-xml-4.0.22.jar:/home/miguel/.m2/repository/org/apache/httpcomponents/httpclient/4.5.13/httpclient-4.5.13.jar:/home/miguel/.m2/repository/org/apache/httpcomponents/httpcore/4.4.13/httpcore-4.4.13.jar:/home/miguel/.m2/repository/commons-logging/commons-logging/1.2/commons-logging-1.2.jar:/home/miguel/.m2/repository/commons-codec/commons-codec/1.11/commons-codec-1.11.jar:/home/miguel/.m2/repository/org/apache/httpcomponents/httpmime/4.5.13/httpmime-4.5.13.jar:/home/miguel/.m2/repository/org/ccil/cowan/tagsoup/tagsoup/1.2.1/tagsoup-1.2.1.jar:/home/miguel/.m2/repository/io/rest-assured/json-path/5.5.0/json-path-5.5.0.jar:/home/miguel/.m2/repository/org/apache/groovy/groovy-json/4.0.22/groovy-json-4.0.22.jar:/home/miguel/.m2/repository/io/rest-assured/rest-assured-common/5.5.0/rest-assured-common-5.5.0.jar:/home/miguel/.m2/repository/io/rest-assured/xml-path/5.5.0/xml-path-5.5.0.jar:/home/miguel/.m2/repository/org/apache/commons/commons-lang3/3.11/commons-lang3-3.11.jar:/home/miguel/.m2/repository/io/rest-assured/json-schema-validator/5.5.0/json-schema-validator-5.5.0.jar:/home/miguel/.m2/repository/com/github/java-json-tools/json-schema-validator/2.2.14/json-schema-validator-2.2.14.jar:/home/miguel/.m2/repository/com/github/java-json-tools/jackson-coreutils-equivalence/1.0/jackson-coreutils-equivalence-1.0.jar:/home/miguel/.m2/repository/com/fasterxml/jackson/core/jackson-databind/2.11.0/jackson-databind-2.11.0.jar:/home/miguel/.m2/repository/com/fasterxml/jackson/core/jackson-annotations/2.11.0/jackson-annotations-2.11.0.jar:/home/miguel/.m2/repository/com/fasterxml/jackson/core/jackson-core/2.11.0/jackson-core-2.11.0.jar:/home/miguel/.m2/repository/com/github/java-json-tools/jackson-coreutils/2.0/jackson-coreutils-2.0.jar:/home/miguel/.m2/repository/com/github/java-json-tools/msg-simple/1.2/msg-simple-1.2.jar:/home/miguel/.m2/repository/com/github/java-json-tools/btf/1.3/btf-1.3.jar:/home/miguel/.m2/repository/com/github/java-json-tools/json-schema-core/1.2.14/json-schema-core-1.2.14.jar:/home/miguel/.m2/repository/com/github/java-json-tools/uri-template/0.10/uri-template-0.10.jar:/home/miguel/.m2/repository/org/mozilla/rhino/1.7.7.2/rhino-1.7.7.2.jar:/home/miguel/.m2/repository/com/sun/mail/mailapi/1.6.2/mailapi-1.6.2.jar:/home/miguel/.m2/repository/joda-time/joda-time/2.10.5/joda-time-2.10.5.jar:/home/miguel/.m2/repository/com/google/code/findbugs/jsr305/3.0.2/jsr305-3.0.2.jar:/home/miguel/.m2/repository/net/sf/jopt-simple/jopt-simple/5.0.4/jopt-simple-5.0.4.jar:/home/miguel/.m2/repository/com/google/guava/guava/33.2.1-jre/guava-33.2.1-jre.jar:/home/miguel/.m2/repository/com/google/guava/failureaccess/1.0.2/failureaccess-1.0.2.jar:/home/miguel/.m2/repository/com/google/guava/listenablefuture/9999.0-empty-to-avoid-conflict-with-guava/listenablefuture-9999.0-empty-to-avoid-conflict-with-guava.jar:/home/miguel/.m2/repository/org/checkerframework/checker-qual/3.42.0/checker-qual-3.42.0.jar:/home/miguel/.m2/repository/com/google/errorprone/error_prone_annotations/2.26.1/error_prone_annotations-2.26.1.jar:/home/miguel/.m2/repository/com/google/j2objc/j2objc-annotations/3.0.0/j2objc-annotations-3.0.0.jar:/home/miguel/.m2/repository/net/datafaker/datafaker/2.3.1/datafaker-2.3.1.jar:/home/miguel/.m2/repository/org/yaml/snakeyaml/2.2/snakeyaml-2.2.jar:/home/miguel/.m2/repository/com/github/curious-odd-man/rgxgen/2.0/rgxgen-2.0.jar:/home/miguel/.m2/repository/com/googlecode/libphonenumber/libphonenumber/8.13.41/libphonenumber-8.13.41.jar:/home/miguel/.m2/repository/org/hamcrest/hamcrest/2.2/hamcrest-2.2.jar:"/>
    <property name="allure.results.directory" value="/home/miguel/Documentos/GitHub/automation-tests/target/allure-results"/>
    <property name="sun.cpu.endian" value="little"/>
    <property name="user.home" value="/home/miguel"/>
    <property name="user.language" value="es"/>
    <property name="java.specification.vendor" value="Oracle Corporation"/>
    <property name="java.version.date" value="2025-07-15"/>
    <property name="java.home" value="/usr/lib/jvm/java-21-openjdk"/>
    <property name="file.separator" value="/"/>
    <property name="basedir" value="/home/miguel/Documentos/GitHub/automation-tests"/>
    <property name="java.vm.compressedOopsMode" value="Zero based"/>
    <property name="line.separator" value="&#10;"/>
    <property name="java.vm.specification.vendor" value="Oracle Corporation"/>
    <property name="java.specification.name" value="Java Platform API Specification"/>
    <property name="surefire.real.class.path" value="/home/miguel/Documentos/GitHub/automation-tests/target/surefire/surefirebooter-20251013201542015_3.jar"/>
    <property name="sun.management.compiler" value="HotSpot 64-Bit Tiered Compilers"/>
    <property name="java.runtime.version" value="21.0.8+9"/>
    <property name="user.name" value="miguel"/>
    <property name="stdout.encoding" value="UTF-8"/>
    <property name="path.separator" value=":"/>
    <property name="os.version" value="6.16.10-200.fc42.x86_64"/>
    <property name="java.runtime.name" value="OpenJDK Runtime Environment"/>
    <property name="file.encoding" value="UTF-8"/>
    <property name="java.vm.name" value="OpenJDK 64-Bit Server VM"/>
    <property name="java.vendor.version" value="(Red_Hat-21.0.8.0.9-1)"/>
    <property name="localRepository" value="/home/miguel/.m2/repository"/>
    <property name="java.vendor.url.bug" value="https://bugzilla.redhat.com/enter_bug.cgi?product=Fedora&amp;component=java-21-openjdk&amp;version=41"/>
    <property name="java.io.tmpdir" value="/tmp"/>
    <property name="java.version" value="21.0.8"/>
    <property name="user.dir" value="/home/miguel/Documentos/GitHub/automation-tests"/>
    <property name="os.arch" value="amd64"/>
    <property name="java.vm.specification.name" value="Java Virtual Machine Specification"/>
    <property name="native.encoding" value="UTF-8"/>
    <property name="baseUrl" value=""/>
    <property name="java.library.path" value="/usr/java/packages/lib:/usr/lib64:/lib64:/lib:/usr/lib"/>
    <property name="java.vm.info" value="mixed mode, sharing"/>
    <property name="stderr.encoding" value="UTF-8"/>
    <property name="java.vendor" value="Red Hat, Inc."/>
    <property name="basePath" value=""/>
    <property name="java.vm.version" value="21.0.8+9"/>
    <property name="sun.io.unicode.encoding" value="UnicodeLittle"/>
    <property name="java.class.version" value="65.0"/>
  </properties>
  <testcase name="Registrar un nuevo usuario" classname="Gestión de usuarios (registro, login y administración)" time="1.34">
    <system-out><![CDATA[
Escenario: Registrar un nuevo usuario                             &amp#27;[90m# features/usuarios.feature:45&amp#27;[0m
  &amp#27;[32mDado &amp#27;[0m&amp#27;[32mque el servicio está disponible&amp#27;[0m                            &amp#27;[90m# com.uniquindio.automation.steps.UsuarioSteps.servicioDisponible()&amp#27;[0m
  &amp#27;[32mCuando &amp#27;[0m&amp#27;[32mregistro un usuario con datos válidos&amp#27;[0m                    &amp#27;[90m# com.uniquindio.automation.steps.UsuarioSteps.registroUsuarioValido()&amp#27;[0m
  &amp#27;[32mEntonces &amp#27;[0m&amp#27;[32mla respuesta debe tener estado &amp#27;[0m&amp#27;[32m&amp#27;[1m201&amp#27;[0m                     &amp#27;[90m# com.uniquindio.automation.steps.UsuarioSteps.validarEstado(int)&amp#27;[0m
  &amp#27;[32mY &amp#27;[0m&amp#27;[32mel cuerpo debe indicar éxito&amp#27;[0m                                  &amp#27;[90m# com.uniquindio.automation.steps.UsuarioSteps.cuerpoIndicaExito()&amp#27;[0m
  &amp#27;[32mY &amp#27;[0m&amp#27;[32mel cuerpo cumple el esquema &amp#27;[0m&amp#27;[32m&amp#27;[1m"schemas/message_dto.schema.json"&amp#27;[0m &amp#27;[90m# com.uniquindio.automation.steps.UsuarioSteps.cuerpoCumpleEsquema(java.lang.String)&amp#27;[0m
]]></system-out>
    <system-err><![CDATA[SLF4J: Failed to load class "org.slf4j.impl.StaticLoggerBinder".
SLF4J: Defaulting to no-operation (NOP) logger implementation
SLF4J: See http://www.slf4j.org/codes.html#StaticLoggerBinder for further details.
]]></system-err>
  </testcase>
  <testcase name="Iniciar sesión con credenciales válidas" classname="Gestión de usuarios (registro, login y administración)" time="0.361">
    <system-out><![CDATA[
Escenario: Iniciar sesión con credenciales válidas                   &amp#27;[90m# features/usuarios.feature:62&amp#27;[0m
  &amp#27;[32mDado &amp#27;[0m&amp#27;[32mque el servicio está disponible&amp#27;[0m                               &amp#27;[90m# com.uniquindio.automation.steps.UsuarioSteps.servicioDisponible()&amp#27;[0m
  &amp#27;[32mDado &amp#27;[0m&amp#27;[32mque existe un usuario registrado válido&amp#27;[0m                       &amp#27;[90m# com.uniquindio.automation.steps.UsuarioSteps.existeUsuarioValido()&amp#27;[0m
  &amp#27;[32mCuando &amp#27;[0m&amp#27;[32minicio sesión con credenciales correctas&amp#27;[0m                    &amp#27;[90m# com.uniquindio.automation.steps.UsuarioSteps.loginConCredencialesCorrectas()&amp#27;[0m
  &amp#27;[32mEntonces &amp#27;[0m&amp#27;[32mla respuesta debe tener estado &amp#27;[0m&amp#27;[32m&amp#27;[1m200&amp#27;[0m                        &amp#27;[90m# com.uniquindio.automation.steps.UsuarioSteps.validarEstado(int)&amp#27;[0m
  &amp#27;[32mY &amp#27;[0m&amp#27;[32mdebo obtener un token JWT válido&amp#27;[0m                                 &amp#27;[90m# com.uniquindio.automation.steps.UsuarioSteps.deboObtenerTokenValido()&amp#27;[0m
  &amp#27;[32mY &amp#27;[0m&amp#27;[32mel cuerpo cumple el esquema &amp#27;[0m&amp#27;[32m&amp#27;[1m"schemas/token_response.schema.json"&amp#27;[0m &amp#27;[90m# com.uniquindio.automation.steps.UsuarioSteps.cuerpoCumpleEsquema(java.lang.String)&amp#27;[0m
]]></system-out>
  </testcase>
  <testcase name="Solicitar código de recuperación de contraseña" classname="Gestión de usuarios (registro, login y administración)" time="0.051">
    <system-out><![CDATA[
Escenario: Solicitar código de recuperación de contraseña &amp#27;[90m# features/usuarios.feature:81&amp#27;[0m
  &amp#27;[32mDado &amp#27;[0m&amp#27;[32mque el servicio está disponible&amp#27;[0m                    &amp#27;[90m# com.uniquindio.automation.steps.UsuarioSteps.servicioDisponible()&amp#27;[0m
  &amp#27;[32mDado &amp#27;[0m&amp#27;[32mque existe un usuario registrado válido&amp#27;[0m            &amp#27;[90m# com.uniquindio.automation.steps.UsuarioSteps.existeUsuarioValido()&amp#27;[0m
  &amp#27;[32mCuando &amp#27;[0m&amp#27;[32msolicito código de recuperación para ese usuario&amp#27;[0m &amp#27;[90m# com.uniquindio.automation.steps.UsuarioSteps.solicitarCodigoRecuperacion()&amp#27;[0m
  &amp#27;[32mEntonces &amp#27;[0m&amp#27;[32mla respuesta debe tener estado &amp#27;[0m&amp#27;[32m&amp#27;[1m200&amp#27;[0m             &amp#27;[90m# com.uniquindio.automation.steps.UsuarioSteps.validarEstado(int)&amp#27;[0m
]]></system-out>
  </testcase>
  <testcase name="Listar usuarios con token de admin" classname="Gestión de usuarios (registro, login y administración)" time="0.108">
    <system-out><![CDATA[
@admin
Escenario: Listar usuarios con token de admin                       &amp#27;[90m# features/usuarios.feature:96&amp#27;[0m
  &amp#27;[32mDado &amp#27;[0m&amp#27;[32mque el servicio está disponible&amp#27;[0m                              &amp#27;[90m# com.uniquindio.automation.steps.UsuarioSteps.servicioDisponible()&amp#27;[0m
  &amp#27;[32mDado &amp#27;[0m&amp#27;[32mque inicio sesión como admin&amp#27;[0m                                 &amp#27;[90m# com.uniquindio.automation.steps.UsuarioSteps.inicioSesionComoAdmin()&amp#27;[0m
  &amp#27;[32mCuando &amp#27;[0m&amp#27;[32mconsulto la lista de usuarios en la página &amp#27;[0m&amp#27;[32m&amp#27;[1m0&amp#27;[0m               &amp#27;[90m# com.uniquindio.automation.steps.UsuarioSteps.consultarListaUsuarios(int)&amp#27;[0m
  &amp#27;[32mEntonces &amp#27;[0m&amp#27;[32mla respuesta debe tener estado &amp#27;[0m&amp#27;[32m&amp#27;[1m200&amp#27;[0m                       &amp#27;[90m# com.uniquindio.automation.steps.UsuarioSteps.validarEstado(int)&amp#27;[0m
  &amp#27;[32mY &amp#27;[0m&amp#27;[32mel cuerpo debe contener una lista de usuarios&amp#27;[0m                   &amp#27;[90m# com.uniquindio.automation.steps.UsuarioSteps.cuerpoContieneListaUsuarios()&amp#27;[0m
  &amp#27;[32mY &amp#27;[0m&amp#27;[32mel cuerpo cumple el esquema &amp#27;[0m&amp#27;[32m&amp#27;[1m"schemas/usuarios_page.schema.json"&amp#27;[0m &amp#27;[90m# com.uniquindio.automation.steps.UsuarioSteps.cuerpoCumpleEsquema(java.lang.String)&amp#27;[0m
]]></system-out>
  </testcase>
  <testcase name="Eliminar un usuario con token de admin" classname="Gestión de usuarios (registro, login y administración)" time="0.07">
    <system-out><![CDATA[
@admin
Escenario: Eliminar un usuario con token de admin &amp#27;[90m# features/usuarios.feature:117&amp#27;[0m
  &amp#27;[32mDado &amp#27;[0m&amp#27;[32mque el servicio está disponible&amp#27;[0m            &amp#27;[90m# com.uniquindio.automation.steps.UsuarioSteps.servicioDisponible()&amp#27;[0m
  &amp#27;[32mDado &amp#27;[0m&amp#27;[32mque inicio sesión como admin&amp#27;[0m               &amp#27;[90m# com.uniquindio.automation.steps.UsuarioSteps.inicioSesionComoAdmin()&amp#27;[0m
  &amp#27;[32mY &amp#27;[0m&amp#27;[32mexiste un usuario registrado válido&amp#27;[0m           &amp#27;[90m# com.uniquindio.automation.steps.UsuarioSteps.existeUsuarioValidoAlias()&amp#27;[0m
  &amp#27;[32mCuando &amp#27;[0m&amp#27;[32melimino ese usuario&amp#27;[0m                      &amp#27;[90m# com.uniquindio.automation.steps.UsuarioSteps.eliminarEseUsuario()&amp#27;[0m
  &amp#27;[32mEntonces &amp#27;[0m&amp#27;[32mla respuesta debe tener estado &amp#27;[0m&amp#27;[32m&amp#27;[1m200&amp#27;[0m     &amp#27;[90m# com.uniquindio.automation.steps.UsuarioSteps.validarEstado(int)&amp#27;[0m
]]></system-out>
  </testcase>
  <testcase name="Eliminar un usuario sin token" classname="Gestión de usuarios (registro, login y administración)" time="0.038">
    <system-out><![CDATA[
@admin
Escenario: Eliminar un usuario sin token      &amp#27;[90m# features/usuarios.feature:136&amp#27;[0m
  &amp#27;[32mDado &amp#27;[0m&amp#27;[32mque el servicio está disponible&amp#27;[0m        &amp#27;[90m# com.uniquindio.automation.steps.UsuarioSteps.servicioDisponible()&amp#27;[0m
  &amp#27;[32mDado &amp#27;[0m&amp#27;[32mque no he iniciado sesion&amp#27;[0m              &amp#27;[90m# com.uniquindio.automation.steps.UsuarioSteps.noTengoToken()&amp#27;[0m
  &amp#27;[32mY &amp#27;[0m&amp#27;[32mexiste un usuario registrado válido&amp#27;[0m       &amp#27;[90m# com.uniquindio.automation.steps.UsuarioSteps.existeUsuarioValidoAlias()&amp#27;[0m
  &amp#27;[32mCuando &amp#27;[0m&amp#27;[32melimino ese usuario&amp#27;[0m                  &amp#27;[90m# com.uniquindio.automation.steps.UsuarioSteps.eliminarEseUsuario()&amp#27;[0m
  &amp#27;[32mEntonces &amp#27;[0m&amp#27;[32mla respuesta debe tener estado &amp#27;[0m&amp#27;[32m&amp#27;[1m401&amp#27;[0m &amp#27;[90m# com.uniquindio.automation.steps.UsuarioSteps.validarEstado(int)&amp#27;[0m
]]></system-out>
  </testcase>
  <testcase name="Eliminar un usuario con token inválido" classname="Gestión de usuarios (registro, login y administración)" time="0.033">
    <system-out><![CDATA[
@admin
Escenario: Eliminar un usuario con token inválido            &amp#27;[90m# features/usuarios.feature:148&amp#27;[0m
  &amp#27;[32mDado &amp#27;[0m&amp#27;[32mque el servicio está disponible&amp#27;[0m                       &amp#27;[90m# com.uniquindio.automation.steps.UsuarioSteps.servicioDisponible()&amp#27;[0m
  &amp#27;[32mDado &amp#27;[0m&amp#27;[32mque he inciado sesion como un usuario que no es admin&amp#27;[0m &amp#27;[90m# com.uniquindio.automation.steps.UsuarioSteps.noTengoTokenAdmin()&amp#27;[0m
  &amp#27;[32mY &amp#27;[0m&amp#27;[32mexiste un usuario registrado válido&amp#27;[0m                      &amp#27;[90m# com.uniquindio.automation.steps.UsuarioSteps.existeUsuarioValidoAlias()&amp#27;[0m
  &amp#27;[32mCuando &amp#27;[0m&amp#27;[32melimino ese usuario&amp#27;[0m                                 &amp#27;[90m# com.uniquindio.automation.steps.UsuarioSteps.eliminarEseUsuario()&amp#27;[0m
  &amp#27;[32mEntonces &amp#27;[0m&amp#27;[32mla respuesta debe tener estado &amp#27;[0m&amp#27;[32m&amp#27;[1m401&amp#27;[0m                &amp#27;[90m# com.uniquindio.automation.steps.UsuarioSteps.validarEstado(int)&amp#27;[0m
]]></system-out>
  </testcase>
  <testcase name="Eliminar un usuario que no existe" classname="Gestión de usuarios (registro, login y administración)" time="0.046">
    <system-out><![CDATA[
@admin
Escenario: Eliminar un usuario que no existe  &amp#27;[90m# features/usuarios.feature:160&amp#27;[0m
  &amp#27;[32mDado &amp#27;[0m&amp#27;[32mque el servicio está disponible&amp#27;[0m        &amp#27;[90m# com.uniquindio.automation.steps.UsuarioSteps.servicioDisponible()&amp#27;[0m
  &amp#27;[32mDado &amp#27;[0m&amp#27;[32mque inicio sesión como admin&amp#27;[0m           &amp#27;[90m# com.uniquindio.automation.steps.UsuarioSteps.inicioSesionComoAdmin()&amp#27;[0m
  &amp#27;[32mCuando &amp#27;[0m&amp#27;[32melimino un usuario que no existe&amp#27;[0m     &amp#27;[90m# com.uniquindio.automation.steps.UsuarioSteps.elimino_un_usuario_que_no_existe()&amp#27;[0m
  &amp#27;[32mEntonces &amp#27;[0m&amp#27;[32mla respuesta debe tener estado &amp#27;[0m&amp#27;[32m&amp#27;[1m404&amp#27;[0m &amp#27;[90m# com.uniquindio.automation.steps.UsuarioSteps.validarEstado(int)&amp#27;[0m
]]></system-out>
  </testcase>
  <testcase name="Listar usuarios sin token" classname="Gestión de usuarios (registro, login y administración)" time="0.023">
    <system-out><![CDATA[
@admin
Escenario: Listar usuarios sin token                  &amp#27;[90m# features/usuarios.feature:173&amp#27;[0m
  &amp#27;[32mDado &amp#27;[0m&amp#27;[32mque el servicio está disponible&amp#27;[0m                &amp#27;[90m# com.uniquindio.automation.steps.UsuarioSteps.servicioDisponible()&amp#27;[0m
  &amp#27;[32mDado &amp#27;[0m&amp#27;[32mque no he iniciado sesion&amp#27;[0m                      &amp#27;[90m# com.uniquindio.automation.steps.UsuarioSteps.noTengoToken()&amp#27;[0m
  &amp#27;[32mCuando &amp#27;[0m&amp#27;[32mconsulto la lista de usuarios en la página &amp#27;[0m&amp#27;[32m&amp#27;[1m0&amp#27;[0m &amp#27;[90m# com.uniquindio.automation.steps.UsuarioSteps.consultarListaUsuarios(int)&amp#27;[0m
  &amp#27;[32mEntonces &amp#27;[0m&amp#27;[32mla respuesta debe tener estado &amp#27;[0m&amp#27;[32m&amp#27;[1m401&amp#27;[0m         &amp#27;[90m# com.uniquindio.automation.steps.UsuarioSteps.validarEstado(int)&amp#27;[0m
]]></system-out>
  </testcase>
  <testcase name="Listar usuarios con token inválido" classname="Gestión de usuarios (registro, login y administración)" time="0.018">
    <system-out><![CDATA[
@admin
Escenario: Listar usuarios con token inválido                &amp#27;[90m# features/usuarios.feature:184&amp#27;[0m
  &amp#27;[32mDado &amp#27;[0m&amp#27;[32mque el servicio está disponible&amp#27;[0m                       &amp#27;[90m# com.uniquindio.automation.steps.UsuarioSteps.servicioDisponible()&amp#27;[0m
  &amp#27;[32mDado &amp#27;[0m&amp#27;[32mque he inciado sesion como un usuario que no es admin&amp#27;[0m &amp#27;[90m# com.uniquindio.automation.steps.UsuarioSteps.noTengoTokenAdmin()&amp#27;[0m
  &amp#27;[32mCuando &amp#27;[0m&amp#27;[32mconsulto la lista de usuarios en la página &amp#27;[0m&amp#27;[32m&amp#27;[1m0&amp#27;[0m        &amp#27;[90m# com.uniquindio.automation.steps.UsuarioSteps.consultarListaUsuarios(int)&amp#27;[0m
  &amp#27;[32mEntonces &amp#27;[0m&amp#27;[32mla respuesta debe tener estado &amp#27;[0m&amp#27;[32m&amp#27;[1m401&amp#27;[0m                &amp#27;[90m# com.uniquindio.automation.steps.UsuarioSteps.validarEstado(int)&amp#27;[0m
]]></system-out>
  </testcase>
  <testcase name="Listar usuarios con un numero de pagina invalido" classname="Gestión de usuarios (registro, login y administración)" time="0.043">
    <system-out><![CDATA[
@admin
Escenario: Listar usuarios con un numero de pagina invalido &amp#27;[90m# features/usuarios.feature:195&amp#27;[0m
  &amp#27;[32mDado &amp#27;[0m&amp#27;[32mque el servicio está disponible&amp#27;[0m                      &amp#27;[90m# com.uniquindio.automation.steps.UsuarioSteps.servicioDisponible()&amp#27;[0m
  &amp#27;[32mDado &amp#27;[0m&amp#27;[32mque inicio sesión como admin&amp#27;[0m                         &amp#27;[90m# com.uniquindio.automation.steps.UsuarioSteps.inicioSesionComoAdmin()&amp#27;[0m
  &amp#27;[32mCuando &amp#27;[0m&amp#27;[32mconsulto la lista de usuarios en la página &amp#27;[0m&amp#27;[32m&amp#27;[1m-1&amp#27;[0m      &amp#27;[90m# com.uniquindio.automation.steps.UsuarioSteps.consultarListaUsuarios(int)&amp#27;[0m
  &amp#27;[32mEntonces &amp#27;[0m&amp#27;[32mla respuesta debe tener estado &amp#27;[0m&amp#27;[32m&amp#27;[1m200&amp#27;[0m               &amp#27;[90m# com.uniquindio.automation.steps.UsuarioSteps.validarEstado(int)&amp#27;[0m
]]></system-out>
  </testcase>
</testsuite>